0 info it worked if it ends with ok
1 verbose cli [ 'C:\\Program Files (x86)\\nodejs\\node.exe',
1 verbose cli   'C:\\Users\\GS60\\AppData\\Roaming\\npm\\node_modules\\npm\\bin\\npm-cli.js',
1 verbose cli   'run',
1 verbose cli   'build' ]
2 info using npm@3.5.3
3 info using node@v6.2.0
4 verbose run-script [ 'prebuild', 'build', 'postbuild' ]
5 info lifecycle scholarsmith-react@1.0.0~prebuild: scholarsmith-react@1.0.0
6 verbose lifecycle scholarsmith-react@1.0.0~prebuild: unsafe-perm in lifecycle true
7 verbose lifecycle scholarsmith-react@1.0.0~prebuild: PATH: C:\Users\GS60\AppData\Roaming\npm\node_modules\npm\bin\node-gyp-bin;d:\Development\scholarsmith\node_modules\.bin;C:\Python27\;C:\Python27\Scripts;C:\Python27;C:\Program Files\Haskell Platform\7.10.3\lib\extralibs\bin;C:\Program Files\Haskell Platform\7.10.3\bin;C:\ProgramData\Oracle\Java\javapath;C:\Program Files (x86)\Intel\iCLS Client\;C:\Program Files\Intel\iCLS Client\;C:\WINDOWS\system32;C:\WINDOWS;C:\WINDOWS\System32\Wbem;C:\WINDOWS\System32\WindowsPowerShell\v1.0\;C:\Program Files\Intel\Intel(R) Management Engine Components\DAL;C:\Program Files\Intel\Intel(R) Management Engine Components\IPT;C:\Program Files (x86)\Intel\Intel(R) Management Engine Components\DAL;C:\Program Files (x86)\Intel\Intel(R) Management Engine Components\IPT;C:\Program Files (x86)\NVIDIA Corporation\PhysX\Common;C:\Program Files (x86)\Windows Kits\8.1\Windows Performance Toolkit\;C:\Program Files\Microsoft SQL Server\120\Tools\Binn\;C:\Program Files (x86)\GtkSharp\2.12\bin;C:\Program Files\Haskell Platform\7.10.3\mingw\bin;C:\Program Files (x86)\Skype\Phone\;C:\Program Files\Git\cmd;C:\Program Files\Rust stable GNU 1.7\bin;C:\Program Files\MongoDB\Server\3.2\bin;C:\Program Files (x86)\nodejs\;C:\Users\GS60\AppData\Roaming\cabal\bin;C:\Program Files (x86)\Microsoft VS Code\bin;C:\Program Files\Docker Toolbox;C;C:\Users\GS60\AppData\Local\atom\bin;C:\Users\GS60\AppData\Local\.meteor\;C:\Users\GS60\AppData\Roaming\npm
8 verbose lifecycle scholarsmith-react@1.0.0~prebuild: CWD: d:\Development\scholarsmith
9 silly lifecycle scholarsmith-react@1.0.0~prebuild: Args: [ '/d /s /c', 'webpack' ]
10 silly lifecycle scholarsmith-react@1.0.0~prebuild: Returned: code: 0  signal: null
11 info lifecycle scholarsmith-react@1.0.0~build: scholarsmith-react@1.0.0
12 verbose lifecycle scholarsmith-react@1.0.0~build: unsafe-perm in lifecycle true
13 verbose lifecycle scholarsmith-react@1.0.0~build: PATH: C:\Users\GS60\AppData\Roaming\npm\node_modules\npm\bin\node-gyp-bin;d:\Development\scholarsmith\node_modules\.bin;C:\Python27\;C:\Python27\Scripts;C:\Python27;C:\Program Files\Haskell Platform\7.10.3\lib\extralibs\bin;C:\Program Files\Haskell Platform\7.10.3\bin;C:\ProgramData\Oracle\Java\javapath;C:\Program Files (x86)\Intel\iCLS Client\;C:\Program Files\Intel\iCLS Client\;C:\WINDOWS\system32;C:\WINDOWS;C:\WINDOWS\System32\Wbem;C:\WINDOWS\System32\WindowsPowerShell\v1.0\;C:\Program Files\Intel\Intel(R) Management Engine Components\DAL;C:\Program Files\Intel\Intel(R) Management Engine Components\IPT;C:\Program Files (x86)\Intel\Intel(R) Management Engine Components\DAL;C:\Program Files (x86)\Intel\Intel(R) Management Engine Components\IPT;C:\Program Files (x86)\NVIDIA Corporation\PhysX\Common;C:\Program Files (x86)\Windows Kits\8.1\Windows Performance Toolkit\;C:\Program Files\Microsoft SQL Server\120\Tools\Binn\;C:\Program Files (x86)\GtkSharp\2.12\bin;C:\Program Files\Haskell Platform\7.10.3\mingw\bin;C:\Program Files (x86)\Skype\Phone\;C:\Program Files\Git\cmd;C:\Program Files\Rust stable GNU 1.7\bin;C:\Program Files\MongoDB\Server\3.2\bin;C:\Program Files (x86)\nodejs\;C:\Users\GS60\AppData\Roaming\cabal\bin;C:\Program Files (x86)\Microsoft VS Code\bin;C:\Program Files\Docker Toolbox;C;C:\Users\GS60\AppData\Local\atom\bin;C:\Users\GS60\AppData\Local\.meteor\;C:\Users\GS60\AppData\Roaming\npm
14 verbose lifecycle scholarsmith-react@1.0.0~build: CWD: d:\Development\scholarsmith
15 silly lifecycle scholarsmith-react@1.0.0~build: Args: [ '/d /s /c', 'node dist/builder.bundle.js' ]
16 silly lifecycle scholarsmith-react@1.0.0~build: Returned: code: 1  signal: null
17 info lifecycle scholarsmith-react@1.0.0~build: Failed to exec build script
18 verbose stack Error: scholarsmith-react@1.0.0 build: `node dist/builder.bundle.js`
18 verbose stack Exit status 1
18 verbose stack     at EventEmitter.<anonymous> (C:\Users\GS60\AppData\Roaming\npm\node_modules\npm\lib\utils\lifecycle.js:232:16)
18 verbose stack     at emitTwo (events.js:106:13)
18 verbose stack     at EventEmitter.emit (events.js:191:7)
18 verbose stack     at ChildProcess.<anonymous> (C:\Users\GS60\AppData\Roaming\npm\node_modules\npm\lib\utils\spawn.js:24:14)
18 verbose stack     at emitTwo (events.js:106:13)
18 verbose stack     at ChildProcess.emit (events.js:191:7)
18 verbose stack     at maybeClose (internal/child_process.js:850:16)
18 verbose stack     at Process.ChildProcess._handle.onexit (internal/child_process.js:215:5)
19 verbose pkgid scholarsmith-react@1.0.0
20 verbose cwd d:\Development\scholarsmith
21 error Windows_NT 10.0.10586
22 error argv "C:\\Program Files (x86)\\nodejs\\node.exe" "C:\\Users\\GS60\\AppData\\Roaming\\npm\\node_modules\\npm\\bin\\npm-cli.js" "run" "build"
23 error node v6.2.0
24 error npm  v3.5.3
25 error code ELIFECYCLE
26 error scholarsmith-react@1.0.0 build: `node dist/builder.bundle.js`
26 error Exit status 1
27 error Failed at the scholarsmith-react@1.0.0 build script 'node dist/builder.bundle.js'.
27 error Make sure you have the latest version of node.js and npm installed.
27 error If you do, this is most likely a problem with the scholarsmith-react package,
27 error not with npm itself.
27 error Tell the author that this fails on your system:
27 error     node dist/builder.bundle.js
27 error You can get information on how to open an issue for this project with:
27 error     npm bugs scholarsmith-react
27 error Or if that isn't available, you can get their info via:
27 error     npm owner ls scholarsmith-react
27 error There is likely additional logging output above.
28 verbose exit [ 1, true ]
